Created by PLY version 3.11 (http://www.dabeaz.com/ply)

Grammar

Rule 0     S' -> datatype_declaration
Rule 1     datatype_declaration -> DATATYPE IDENTIFIER SEMICOLON

Terminals, with rules where they appear

DATATYPE             : 1
IDENTIFIER           : 1
SEMICOLON            : 1
error                : 

Nonterminals, with rules where they appear

datatype_declaration : 0

Parsing method: LALR

state 0

    (0) S' -> . datatype_declaration
    (1) datatype_declaration -> . DATATYPE IDENTIFIER SEMICOLON

    DATATYPE        shift and go to state 2

    datatype_declaration           shift and go to state 1

state 1

    (0) S' -> datatype_declaration .



state 2

    (1) datatype_declaration -> DATATYPE . IDENTIFIER SEMICOLON

    IDENTIFIER      shift and go to state 3


state 3

    (1) datatype_declaration -> DATATYPE IDENTIFIER . SEMICOLON

    SEMICOLON       shift and go to state 4


state 4

    (1) datatype_declaration -> DATATYPE IDENTIFIER SEMICOLON .

    $end            reduce using rule 1 (datatype_declaration -> DATATYPE IDENTIFIER SEMICOLON .)

